<?xml version="1.0" encoding="utf-8"?><testsuites name="pytest tests"><testsuite name="pytest" errors="0" failures="0" skipped="0" tests="12" time="2.458" timestamp="2026-06-27T17:39:21.795697+00:00" hostname="agent-env-c145a96a-7504-44d5-83fe-6d180b1b6c2c"><testcase classname="tests.test_briefings.TestListBriefings" name="test_list_returns_array_sorted_desc" time="1.672" /><testcase classname="tests.test_briefings.TestCreateBriefing" name="test_create_valid_briefing" time="0.349" /><testcase classname="tests.test_briefings.TestCreateBriefing" name="test_create_without_message_defaults_empty" time="0.050" /><testcase classname="tests.test_briefings.TestCreateBriefing" name="test_invalid_email_returns_422" time="0.056" /><testcase classname="tests.test_briefings.TestCreateBriefing" name="test_missing_required_field_returns_422" time="0.050" /><testcase classname="tests.test_briefings.TestCreateBriefing" name="test_invalid_intent_returns_422" time="0.047" /><testcase classname="tests.test_briefings.TestCreateBriefing" name="test_name_too_short_returns_422" time="0.048" /><testcase classname="tests.test_briefings.TestCreateBriefing" name="test_all_intents_accepted" time="0.286" /><testcase classname="tests.test_briefings.TestRoot" name="test_root_returns_status" time="0.049" /><testcase classname="tests.test_briefings.TestListBriefings" name="test_limit_too_large_returns_400" time="0.049" /><testcase classname="tests.test_briefings.TestListBriefings" name="test_limit_zero_returns_400" time="0.045" /><testcase classname="tests.test_briefings.TestListBriefings" name="test_limit_valid" time="0.046" /></testsuite></testsuites>