<?xml version="1.0" encoding="utf-8"?><testsuites name="pytest tests"><testsuite name="pytest" errors="0" failures="0" skipped="0" tests="12" time="2.174" timestamp="2026-06-27T18:50:23.554089+00:00" hostname="agent-env-c145a96a-7504-44d5-83fe-6d180b1b6c2c"><testcase classname="tests.test_briefings.TestCreateBriefing" name="test_create_valid_briefing" time="0.283" /><testcase classname="tests.test_briefings.TestListBriefings" name="test_list_returns_array_sorted_desc" time="1.460" /><testcase classname="tests.test_briefings.TestCreateBriefing" name="test_create_without_message_defaults_empty" time="0.042" /><testcase classname="tests.test_briefings.TestCreateBriefing" name="test_invalid_email_returns_422" time="0.042" /><testcase classname="tests.test_briefings.TestCreateBriefing" name="test_missing_required_field_returns_422" time="0.044" /><testcase classname="tests.test_briefings.TestCreateBriefing" name="test_invalid_intent_returns_422" time="0.041" /><testcase classname="tests.test_briefings.TestCreateBriefing" name="test_name_too_short_returns_422" time="0.042" /><testcase classname="tests.test_briefings.TestCreateBriefing" name="test_all_intents_accepted" time="0.254" /><testcase classname="tests.test_briefings.TestRoot" name="test_root_returns_status" time="0.081" /><testcase classname="tests.test_briefings.TestListBriefings" name="test_limit_too_large_returns_400" time="0.044" /><testcase classname="tests.test_briefings.TestListBriefings" name="test_limit_zero_returns_400" time="0.044" /><testcase classname="tests.test_briefings.TestListBriefings" name="test_limit_valid" time="0.044" /></testsuite></testsuites>